<?xml version="1.0" encoding="UTF-8" standalone="no"?>
<!DOCTYPE log SYSTEM "logger.dtd">
<log>
<record>
  <date>2023-04-17T21:10:11.801-0300</date>
  <logger>JOAO PEDRO CARNEIRO DOS SANTOS ANGELO</logger>
  <level>FINE</level>
  <message>File 121210320-JOAO PEDRO CARNEIRO DOS SANTOS ANGELO.zip was received. It was sent by JOAO PEDRO CARNEIRO DOS SANTOS ANGELO from IP 192.168.1.7 at 17-04-2023 21*10*11</message>
</record>
</log>
<?xml version="1.0" encoding="UTF-8" standalone="no"?>
<!DOCTYPE log SYSTEM "logger.dtd">
<log>
<record>
  <date>2023-04-17T22:02:27.563-0300</date>
  <logger>JOAO PEDRO CARNEIRO DOS SANTOS ANGELO</logger>
  <level>FINE</level>
  <message>File 121210320-JOAO PEDRO CARNEIRO DOS SANTOS ANGELO.zip was received. It was sent by JOAO PEDRO CARNEIRO DOS SANTOS ANGELO from IP 192.168.1.7 at 17-04-2023 22*02*27</message>
</record>
</log>
<?xml version="1.0" encoding="UTF-8" standalone="no"?>
<!DOCTYPE log SYSTEM "logger.dtd">
<log>
<record>
  <date>2023-04-18T21:39:20.976-0300</date>
  <logger>JOAO PEDRO CARNEIRO DOS SANTOS ANGELO</logger>
  <level>FINE</level>
  <message>File 121210320-JOAO PEDRO CARNEIRO DOS SANTOS ANGELO.zip was received. It was sent by JOAO PEDRO CARNEIRO DOS SANTOS ANGELO from IP 192.168.1.7 at 18-04-2023 21*39*20</message>
</record>
